Arguments: 
  C:\Program Files\nodejs\node.exe C:\Users\dindara\AppData\Roaming\npm\node_modules\yarn\bin\yarn.js

PATH: 
  C:\Users\dindara\bin;C:\Users\dindara\AppData\Local\Programs\Git\usr\local\bin;C:\Users\dindara\AppData\Local\Programs\Git\usr\bin;C:\Users\dindara\AppData\Local\Programs\Git\usr\bin;C:\Users\dindara\AppData\Local\Programs\Git\opt\bin;C:\Windows\CCM;C:\Windows\system32;C:\Windows;C:\Windows\System32\Wbem;C:\Windows\System32\WindowsPowerShell\v1.0;C:\Windows\System32\OpenSSH;C:\Windows\system32\config\systemprofile\AppData\Local\Microsoft\WindowsApps;C:\Program Files (x86)\Adaptiva\AdaptivaClient\bin\x32;C:\Program Files (x86)\Adaptiva\AdaptivaClient\bin\x64;C:\Program Files\nodejs;C:\Program Files\GitHub CLI;C:\Users\dindara\AppData\Local\Microsoft\WindowsApps;C:\Users\dindara\AppData\Local\Programs\Microsoft VS Code\bin;C:\Users\dindara\AppData\Local\Programs\Git\cmd;C:\Users\dindara\AppData\Roaming\npm;C:\Users\dindara\AppData\Local\Programs\Git\usr\bin\vendor_perl;C:\Users\dindara\AppData\Local\Programs\Git\usr\bin\core_perl

Yarn version: 
  1.22.19

Node version: 
  18.17.1

Platform: 
  win32 x64

Trace: 
  Error: connect EADDRNOTAVAIL 2606:4700::6810:223:443
      at TCPConnectWrap.afterConnect [as oncomplete] (node:net:1495:16)

npm manifest: 
  {
    "name": "dexback",
    "version": "1.0.0",
    "description": "",
    "main": "index.js",
    "scripts": {
      "test": "echo \"Error: no test specified\" && exit 1"
    },
    "keywords": [],
    "author": "",
    "license": "ISC",
    "dependencies": {
      "cors": "^2.8.5",
      "dotenv": "^16.0.3",
      "express": "^4.18.2",
      "moralis": "^2.11.1"
    }
  }

yarn manifest: 
  No manifest

Lockfile: 
  No lockfile
